<?xml version="1.0" encoding="UTF-8"?>
<testsuite xmlns:xsi="http://www.w3.org/2001/XMLSchema-instance" xsi:noNamespaceSchemaLocation="https://maven.apache.org/surefire/maven-surefire-plugin/xsd/surefire-test-report-3.0.xsd" version="3.0" name="com.cg.DemoBootProject21ApplicationTests" time="3.62" tests="1" errors="0" skipped="0" failures="0">
  <properties>
    <property name="java.specification.version" value="17"/>
    <property name="sun.cpu.isalist" value="amd64"/>
    <property name="sun.jnu.encoding" value="Cp1252"/>
    <property name="java.class.path" value="C:\Users\YUMORE\SpringBootAndRest1\DemoBootProject2-1\target\test-classes;C:\Users\YUMORE\SpringBootAndRest1\DemoBootProject2-1\target\classes;C:\Users\YUMORE\.m2\repository\org\springframework\boot\spring-boot-starter-web\3.1.3\spring-boot-starter-web-3.1.3.jar;C:\Users\YUMORE\.m2\repository\org\springframework\boot\spring-boot-starter\3.1.3\spring-boot-starter-3.1.3.jar;C:\Users\YUMORE\.m2\repository\org\springframework\boot\spring-boot\3.1.3\spring-boot-3.1.3.jar;C:\Users\YUMORE\.m2\repository\org\springframework\boot\spring-boot-autoconfigure\3.1.3\spring-boot-autoconfigure-3.1.3.jar;C:\Users\YUMORE\.m2\repository\org\springframework\boot\spring-boot-starter-logging\3.1.3\spring-boot-starter-logging-3.1.3.jar;C:\Users\YUMORE\.m2\repository\ch\qos\logback\logback-classic\1.4.11\logback-classic-1.4.11.jar;C:\Users\YUMORE\.m2\repository\ch\qos\logback\logback-core\1.4.11\logback-core-1.4.11.jar;C:\Users\YUMORE\.m2\repository\org\apache\logging\log4j\log4j-to-slf4j\2.20.0\log4j-to-slf4j-2.20.0.jar;C:\Users\YUMORE\.m2\repository\org\apache\logging\log4j\log4j-api\2.20.0\log4j-api-2.20.0.jar;C:\Users\YUMORE\.m2\repository\org\slf4j\jul-to-slf4j\2.0.7\jul-to-slf4j-2.0.7.jar;C:\Users\YUMORE\.m2\repository\jakarta\annotation\jakarta.annotation-api\2.1.1\jakarta.annotation-api-2.1.1.jar;C:\Users\YUMORE\.m2\repository\org\yaml\snakeyaml\1.33\snakeyaml-1.33.jar;C:\Users\YUMORE\.m2\repository\org\springframework\boot\spring-boot-starter-json\3.1.3\spring-boot-starter-json-3.1.3.jar;C:\Users\YUMORE\.m2\repository\com\fasterxml\jackson\core\jackson-databind\2.15.2\jackson-databind-2.15.2.jar;C:\Users\YUMORE\.m2\repository\com\fasterxml\jackson\core\jackson-annotations\2.15.2\jackson-annotations-2.15.2.jar;C:\Users\YUMORE\.m2\repository\com\fasterxml\jackson\core\jackson-core\2.15.2\jackson-core-2.15.2.jar;C:\Users\YUMORE\.m2\repository\com\fasterxml\jackson\datatype\jackson-datatype-jdk8\2.15.2\jackson-datatype-jdk8-2.15.2.jar;C:\Users\YUMORE\.m2\repository\com\fasterxml\jackson\datatype\jackson-datatype-jsr310\2.15.2\jackson-datatype-jsr310-2.15.2.jar;C:\Users\YUMORE\.m2\repository\com\fasterxml\jackson\module\jackson-module-parameter-names\2.15.2\jackson-module-parameter-names-2.15.2.jar;C:\Users\YUMORE\.m2\repository\org\springframework\boot\spring-boot-starter-tomcat\3.1.3\spring-boot-starter-tomcat-3.1.3.jar;C:\Users\YUMORE\.m2\repository\org\apache\tomcat\embed\tomcat-embed-core\10.1.12\tomcat-embed-core-10.1.12.jar;C:\Users\YUMORE\.m2\repository\org\apache\tomcat\embed\tomcat-embed-el\10.1.12\tomcat-embed-el-10.1.12.jar;C:\Users\YUMORE\.m2\repository\org\apache\tomcat\embed\tomcat-embed-websocket\10.1.12\tomcat-embed-websocket-10.1.12.jar;C:\Users\YUMORE\.m2\repository\org\springframework\spring-web\6.0.11\spring-web-6.0.11.jar;C:\Users\YUMORE\.m2\repository\org\springframework\spring-beans\6.0.11\spring-beans-6.0.11.jar;C:\Users\YUMORE\.m2\repository\io\micrometer\micrometer-observation\1.11.3\micrometer-observation-1.11.3.jar;C:\Users\YUMORE\.m2\repository\io\micrometer\micrometer-commons\1.11.3\micrometer-commons-1.11.3.jar;C:\Users\YUMORE\.m2\repository\org\springframework\spring-webmvc\6.0.11\spring-webmvc-6.0.11.jar;C:\Users\YUMORE\.m2\repository\org\springframework\spring-aop\6.0.11\spring-aop-6.0.11.jar;C:\Users\YUMORE\.m2\repository\org\springframework\spring-context\6.0.11\spring-context-6.0.11.jar;C:\Users\YUMORE\.m2\repository\org\springframework\spring-expression\6.0.11\spring-expression-6.0.11.jar;C:\Users\YUMORE\.m2\repository\org\springframework\boot\spring-boot-starter-test\3.1.3\spring-boot-starter-test-3.1.3.jar;C:\Users\YUMORE\.m2\repository\org\springframework\boot\spring-boot-test\3.1.3\spring-boot-test-3.1.3.jar;C:\Users\YUMORE\.m2\repository\org\springframework\boot\spring-boot-test-autoconfigure\3.1.3\spring-boot-test-autoconfigure-3.1.3.jar;C:\Users\YUMORE\.m2\repository\com\jayway\jsonpath\json-path\2.8.0\json-path-2.8.0.jar;C:\Users\YUMORE\.m2\repository\org\slf4j\slf4j-api\2.0.7\slf4j-api-2.0.7.jar;C:\Users\YUMORE\.m2\repository\jakarta\xml\bind\jakarta.xml.bind-api\4.0.0\jakarta.xml.bind-api-4.0.0.jar;C:\Users\YUMORE\.m2\repository\jakarta\activation\jakarta.activation-api\2.1.2\jakarta.activation-api-2.1.2.jar;C:\Users\YUMORE\.m2\repository\net\minidev\json-smart\2.4.11\json-smart-2.4.11.jar;C:\Users\YUMORE\.m2\repository\net\minidev\accessors-smart\2.4.11\accessors-smart-2.4.11.jar;C:\Users\YUMORE\.m2\repository\org\ow2\asm\asm\9.3\asm-9.3.jar;C:\Users\YUMORE\.m2\repository\org\assertj\assertj-core\3.24.2\assertj-core-3.24.2.jar;C:\Users\YUMORE\.m2\repository\net\bytebuddy\byte-buddy\1.14.6\byte-buddy-1.14.6.jar;C:\Users\YUMORE\.m2\repository\org\hamcrest\hamcrest\2.2\hamcrest-2.2.jar;C:\Users\YUMORE\.m2\repository\org\junit\jupiter\junit-jupiter\5.9.3\junit-jupiter-5.9.3.jar;C:\Users\YUMORE\.m2\repository\org\junit\jupiter\junit-jupiter-api\5.9.3\junit-jupiter-api-5.9.3.jar;C:\Users\YUMORE\.m2\repository\org\opentest4j\opentest4j\1.2.0\opentest4j-1.2.0.jar;C:\Users\YUMORE\.m2\repository\org\junit\platform\junit-platform-commons\1.9.3\junit-platform-commons-1.9.3.jar;C:\Users\YUMORE\.m2\repository\org\apiguardian\apiguardian-api\1.1.2\apiguardian-api-1.1.2.jar;C:\Users\YUMORE\.m2\repository\org\junit\jupiter\junit-jupiter-params\5.9.3\junit-jupiter-params-5.9.3.jar;C:\Users\YUMORE\.m2\repository\org\junit\jupiter\junit-jupiter-engine\5.9.3\junit-jupiter-engine-5.9.3.jar;C:\Users\YUMORE\.m2\repository\org\junit\platform\junit-platform-engine\1.9.3\junit-platform-engine-1.9.3.jar;C:\Users\YUMORE\.m2\repository\org\mockito\mockito-core\5.3.1\mockito-core-5.3.1.jar;C:\Users\YUMORE\.m2\repository\net\bytebuddy\byte-buddy-agent\1.14.6\byte-buddy-agent-1.14.6.jar;C:\Users\YUMORE\.m2\repository\org\objenesis\objenesis\3.3\objenesis-3.3.jar;C:\Users\YUMORE\.m2\repository\org\mockito\mockito-junit-jupiter\5.3.1\mockito-junit-jupiter-5.3.1.jar;C:\Users\YUMORE\.m2\repository\org\skyscreamer\jsonassert\1.5.1\jsonassert-1.5.1.jar;C:\Users\YUMORE\.m2\repository\com\vaadin\external\google\android-json\0.0.20131108.vaadin1\android-json-0.0.20131108.vaadin1.jar;C:\Users\YUMORE\.m2\repository\org\springframework\spring-core\6.0.11\spring-core-6.0.11.jar;C:\Users\YUMORE\.m2\repository\org\springframework\spring-jcl\6.0.11\spring-jcl-6.0.11.jar;C:\Users\YUMORE\.m2\repository\org\springframework\spring-test\6.0.11\spring-test-6.0.11.jar;C:\Users\YUMORE\.m2\repository\org\xmlunit\xmlunit-core\2.9.1\xmlunit-core-2.9.1.jar;"/>
    <property name="java.vm.vendor" value="Eclipse Adoptium"/>
    <property name="sun.arch.data.model" value="64"/>
    <property name="user.variant" value=""/>
    <property name="java.vendor.url" value="https://adoptium.net/"/>
    <property name="user.timezone" value="Asia/Calcutta"/>
    <property name="os.name" value="Windows 10"/>
    <property name="java.vm.specification.version" value="17"/>
    <property name="sun.java.launcher" value="SUN_STANDARD"/>
    <property name="user.country" value="IN"/>
    <property name="sun.boot.library.path" value="C:\installers\JEE With DevOps and Cloud ( AWS )\JEE With DevOps and Cloud ( AWS )\sts-4.18.1.RELEASE\plugins\org.eclipse.justj.openjdk.hotspot.jre.full.win32.x86_64_17.0.7.v20230425-1502\jre\bin"/>
    <property name="sun.java.command" value="C:\Users\YUMORE\AppData\Local\Temp\surefire16316351340894337504\surefirebooter-20230922143737563_3.jar C:\Users\YUMORE\AppData\Local\Temp\surefire16316351340894337504 2023-09-22T14-37-37_402-jvmRun1 surefire-20230922143737563_1tmp surefire_0-20230922143737563_2tmp"/>
    <property name="jdk.debug" value="release"/>
    <property name="surefire.test.class.path" value="C:\Users\YUMORE\SpringBootAndRest1\DemoBootProject2-1\target\test-classes;C:\Users\YUMORE\SpringBootAndRest1\DemoBootProject2-1\target\classes;C:\Users\YUMORE\.m2\repository\org\springframework\boot\spring-boot-starter-web\3.1.3\spring-boot-starter-web-3.1.3.jar;C:\Users\YUMORE\.m2\repository\org\springframework\boot\spring-boot-starter\3.1.3\spring-boot-starter-3.1.3.jar;C:\Users\YUMORE\.m2\repository\org\springframework\boot\spring-boot\3.1.3\spring-boot-3.1.3.jar;C:\Users\YUMORE\.m2\repository\org\springframework\boot\spring-boot-autoconfigure\3.1.3\spring-boot-autoconfigure-3.1.3.jar;C:\Users\YUMORE\.m2\repository\org\springframework\boot\spring-boot-starter-logging\3.1.3\spring-boot-starter-logging-3.1.3.jar;C:\Users\YUMORE\.m2\repository\ch\qos\logback\logback-classic\1.4.11\logback-classic-1.4.11.jar;C:\Users\YUMORE\.m2\repository\ch\qos\logback\logback-core\1.4.11\logback-core-1.4.11.jar;C:\Users\YUMORE\.m2\repository\org\apache\logging\log4j\log4j-to-slf4j\2.20.0\log4j-to-slf4j-2.20.0.jar;C:\Users\YUMORE\.m2\repository\org\apache\logging\log4j\log4j-api\2.20.0\log4j-api-2.20.0.jar;C:\Users\YUMORE\.m2\repository\org\slf4j\jul-to-slf4j\2.0.7\jul-to-slf4j-2.0.7.jar;C:\Users\YUMORE\.m2\repository\jakarta\annotation\jakarta.annotation-api\2.1.1\jakarta.annotation-api-2.1.1.jar;C:\Users\YUMORE\.m2\repository\org\yaml\snakeyaml\1.33\snakeyaml-1.33.jar;C:\Users\YUMORE\.m2\repository\org\springframework\boot\spring-boot-starter-json\3.1.3\spring-boot-starter-json-3.1.3.jar;C:\Users\YUMORE\.m2\repository\com\fasterxml\jackson\core\jackson-databind\2.15.2\jackson-databind-2.15.2.jar;C:\Users\YUMORE\.m2\repository\com\fasterxml\jackson\core\jackson-annotations\2.15.2\jackson-annotations-2.15.2.jar;C:\Users\YUMORE\.m2\repository\com\fasterxml\jackson\core\jackson-core\2.15.2\jackson-core-2.15.2.jar;C:\Users\YUMORE\.m2\repository\com\fasterxml\jackson\datatype\jackson-datatype-jdk8\2.15.2\jackson-datatype-jdk8-2.15.2.jar;C:\Users\YUMORE\.m2\repository\com\fasterxml\jackson\datatype\jackson-datatype-jsr310\2.15.2\jackson-datatype-jsr310-2.15.2.jar;C:\Users\YUMORE\.m2\repository\com\fasterxml\jackson\module\jackson-module-parameter-names\2.15.2\jackson-module-parameter-names-2.15.2.jar;C:\Users\YUMORE\.m2\repository\org\springframework\boot\spring-boot-starter-tomcat\3.1.3\spring-boot-starter-tomcat-3.1.3.jar;C:\Users\YUMORE\.m2\repository\org\apache\tomcat\embed\tomcat-embed-core\10.1.12\tomcat-embed-core-10.1.12.jar;C:\Users\YUMORE\.m2\repository\org\apache\tomcat\embed\tomcat-embed-el\10.1.12\tomcat-embed-el-10.1.12.jar;C:\Users\YUMORE\.m2\repository\org\apache\tomcat\embed\tomcat-embed-websocket\10.1.12\tomcat-embed-websocket-10.1.12.jar;C:\Users\YUMORE\.m2\repository\org\springframework\spring-web\6.0.11\spring-web-6.0.11.jar;C:\Users\YUMORE\.m2\repository\org\springframework\spring-beans\6.0.11\spring-beans-6.0.11.jar;C:\Users\YUMORE\.m2\repository\io\micrometer\micrometer-observation\1.11.3\micrometer-observation-1.11.3.jar;C:\Users\YUMORE\.m2\repository\io\micrometer\micrometer-commons\1.11.3\micrometer-commons-1.11.3.jar;C:\Users\YUMORE\.m2\repository\org\springframework\spring-webmvc\6.0.11\spring-webmvc-6.0.11.jar;C:\Users\YUMORE\.m2\repository\org\springframework\spring-aop\6.0.11\spring-aop-6.0.11.jar;C:\Users\YUMORE\.m2\repository\org\springframework\spring-context\6.0.11\spring-context-6.0.11.jar;C:\Users\YUMORE\.m2\repository\org\springframework\spring-expression\6.0.11\spring-expression-6.0.11.jar;C:\Users\YUMORE\.m2\repository\org\springframework\boot\spring-boot-starter-test\3.1.3\spring-boot-starter-test-3.1.3.jar;C:\Users\YUMORE\.m2\repository\org\springframework\boot\spring-boot-test\3.1.3\spring-boot-test-3.1.3.jar;C:\Users\YUMORE\.m2\repository\org\springframework\boot\spring-boot-test-autoconfigure\3.1.3\spring-boot-test-autoconfigure-3.1.3.jar;C:\Users\YUMORE\.m2\repository\com\jayway\jsonpath\json-path\2.8.0\json-path-2.8.0.jar;C:\Users\YUMORE\.m2\repository\org\slf4j\slf4j-api\2.0.7\slf4j-api-2.0.7.jar;C:\Users\YUMORE\.m2\repository\jakarta\xml\bind\jakarta.xml.bind-api\4.0.0\jakarta.xml.bind-api-4.0.0.jar;C:\Users\YUMORE\.m2\repository\jakarta\activation\jakarta.activation-api\2.1.2\jakarta.activation-api-2.1.2.jar;C:\Users\YUMORE\.m2\repository\net\minidev\json-smart\2.4.11\json-smart-2.4.11.jar;C:\Users\YUMORE\.m2\repository\net\minidev\accessors-smart\2.4.11\accessors-smart-2.4.11.jar;C:\Users\YUMORE\.m2\repository\org\ow2\asm\asm\9.3\asm-9.3.jar;C:\Users\YUMORE\.m2\repository\org\assertj\assertj-core\3.24.2\assertj-core-3.24.2.jar;C:\Users\YUMORE\.m2\repository\net\bytebuddy\byte-buddy\1.14.6\byte-buddy-1.14.6.jar;C:\Users\YUMORE\.m2\repository\org\hamcrest\hamcrest\2.2\hamcrest-2.2.jar;C:\Users\YUMORE\.m2\repository\org\junit\jupiter\junit-jupiter\5.9.3\junit-jupiter-5.9.3.jar;C:\Users\YUMORE\.m2\repository\org\junit\jupiter\junit-jupiter-api\5.9.3\junit-jupiter-api-5.9.3.jar;C:\Users\YUMORE\.m2\repository\org\opentest4j\opentest4j\1.2.0\opentest4j-1.2.0.jar;C:\Users\YUMORE\.m2\repository\org\junit\platform\junit-platform-commons\1.9.3\junit-platform-commons-1.9.3.jar;C:\Users\YUMORE\.m2\repository\org\apiguardian\apiguardian-api\1.1.2\apiguardian-api-1.1.2.jar;C:\Users\YUMORE\.m2\repository\org\junit\jupiter\junit-jupiter-params\5.9.3\junit-jupiter-params-5.9.3.jar;C:\Users\YUMORE\.m2\repository\org\junit\jupiter\junit-jupiter-engine\5.9.3\junit-jupiter-engine-5.9.3.jar;C:\Users\YUMORE\.m2\repository\org\junit\platform\junit-platform-engine\1.9.3\junit-platform-engine-1.9.3.jar;C:\Users\YUMORE\.m2\repository\org\mockito\mockito-core\5.3.1\mockito-core-5.3.1.jar;C:\Users\YUMORE\.m2\repository\net\bytebuddy\byte-buddy-agent\1.14.6\byte-buddy-agent-1.14.6.jar;C:\Users\YUMORE\.m2\repository\org\objenesis\objenesis\3.3\objenesis-3.3.jar;C:\Users\YUMORE\.m2\repository\org\mockito\mockito-junit-jupiter\5.3.1\mockito-junit-jupiter-5.3.1.jar;C:\Users\YUMORE\.m2\repository\org\skyscreamer\jsonassert\1.5.1\jsonassert-1.5.1.jar;C:\Users\YUMORE\.m2\repository\com\vaadin\external\google\android-json\0.0.20131108.vaadin1\android-json-0.0.20131108.vaadin1.jar;C:\Users\YUMORE\.m2\repository\org\springframework\spring-core\6.0.11\spring-core-6.0.11.jar;C:\Users\YUMORE\.m2\repository\org\springframework\spring-jcl\6.0.11\spring-jcl-6.0.11.jar;C:\Users\YUMORE\.m2\repository\org\springframework\spring-test\6.0.11\spring-test-6.0.11.jar;C:\Users\YUMORE\.m2\repository\org\xmlunit\xmlunit-core\2.9.1\xmlunit-core-2.9.1.jar;"/>
    <property name="sun.cpu.endian" value="little"/>
    <property name="user.home" value="C:\Users\YUMORE"/>
    <property name="user.language" value="en"/>
    <property name="java.specification.vendor" value="Oracle Corporation"/>
    <property name="java.version.date" value="2023-04-18"/>
    <property name="java.home" value="C:\installers\JEE With DevOps and Cloud ( AWS )\JEE With DevOps and Cloud ( AWS )\sts-4.18.1.RELEASE\plugins\org.eclipse.justj.openjdk.hotspot.jre.full.win32.x86_64_17.0.7.v20230425-1502\jre"/>
    <property name="file.separator" value="\"/>
    <property name="style.color" value="always"/>
    <property name="basedir" value="C:\Users\YUMORE\SpringBootAndRest1\DemoBootProject2-1"/>
    <property name="java.vm.compressedOopsMode" value="Zero based"/>
    <property name="line.separator" value="&#10;"/>
    <property name="java.vm.specification.vendor" value="Oracle Corporation"/>
    <property name="java.specification.name" value="Java Platform API Specification"/>
    <property name="FILE_LOG_CHARSET" value="windows-1252"/>
    <property name="java.awt.headless" value="true"/>
    <property name="surefire.real.class.path" value="C:\Users\YUMORE\AppData\Local\Temp\surefire16316351340894337504\surefirebooter-20230922143737563_3.jar"/>
    <property name="user.script" value=""/>
    <property name="sun.management.compiler" value="HotSpot 64-Bit Tiered Compilers"/>
    <property name="java.runtime.version" value="17.0.7+7"/>
    <property name="user.name" value="yumore"/>
    <property name="path.separator" value=";"/>
    <property name="os.version" value="10.0"/>
    <property name="java.runtime.name" value="OpenJDK Runtime Environment"/>
    <property name="file.encoding" value="Cp1252"/>
    <property name="java.vm.name" value="OpenJDK 64-Bit Server VM"/>
    <property name="java.vendor.version" value="Temurin-17.0.7+7"/>
    <property name="localRepository" value="C:\Users\YUMORE\.m2\repository"/>
    <property name="java.vendor.url.bug" value="https://github.com/adoptium/adoptium-support/issues"/>
    <property name="java.io.tmpdir" value="C:\Users\YUMORE\AppData\Local\Temp\"/>
    <property name="java.version" value="17.0.7"/>
    <property name="user.dir" value="C:\Users\YUMORE\SpringBootAndRest1\DemoBootProject2-1"/>
    <property name="os.arch" value="amd64"/>
    <property name="java.vm.specification.name" value="Java Virtual Machine Specification"/>
    <property name="PID" value="18580"/>
    <property name="sun.os.patch.level" value=""/>
    <property name="CONSOLE_LOG_CHARSET" value="windows-1252"/>
    <property name="native.encoding" value="Cp1252"/>
    <property name="java.library.path" value="C:\installers\JEE With DevOps and Cloud ( AWS )\JEE With DevOps and Cloud ( AWS )\sts-4.18.1.RELEASE\plugins\org.eclipse.justj.openjdk.hotspot.jre.full.win32.x86_64_17.0.7.v20230425-1502\jre\bin;C:\WINDOWS\Sun\Java\bin;C:\WINDOWS\system32;C:\WINDOWS;C:/installers/JEE With DevOps and Cloud ( AWS )/JEE With DevOps and Cloud ( AWS )/sts-4.18.1.RELEASE//plugins/org.eclipse.justj.openjdk.hotspot.jre.full.win32.x86_64_17.0.7.v20230425-1502/jre/bin/server;C:/installers/JEE With DevOps and Cloud ( AWS )/JEE With DevOps and Cloud ( AWS )/sts-4.18.1.RELEASE//plugins/org.eclipse.justj.openjdk.hotspot.jre.full.win32.x86_64_17.0.7.v20230425-1502/jre/bin;C:\Program Files\Eclipse Adoptium\jdk-19.0.0.36-hotspot\bin;C:\Program Files\Eclipse Foundation\jdk-11.0.12.7-hotspot\bin;C:\WINDOWS\system32;C:\WINDOWS;C:\WINDOWS\System32\Wbem;C:\WINDOWS\System32\WindowsPowerShell\v1.0\;C:\WINDOWS\System32\OpenSSH\;C:\Program Files\Git\cmd;C:\Program Files\PuTTY\;C:\Users\YUMORE\AppData\Local\Microsoft\WindowsApps;;C:\installers\JEE With DevOps and Cloud ( AWS )\JEE With DevOps and Cloud ( AWS )\sts-4.18.1.RELEASE;;."/>
    <property name="java.vm.info" value="mixed mode"/>
    <property name="java.vendor" value="Eclipse Adoptium"/>
    <property name="java.vm.version" value="17.0.7+7"/>
    <property name="sun.io.unicode.encoding" value="UnicodeLittle"/>
    <property name="java.class.version" value="61.0"/>
  </properties>
  <testcase name="contextLoads" classname="com.cg.DemoBootProject21ApplicationTests" time="1.207">
    <system-out><![CDATA[14:37:39.403 [main] INFO org.springframework.test.context.support.AnnotationConfigContextLoaderUtils -- Could not detect default configuration classes for test class [com.cg.DemoBootProject21ApplicationTests]: DemoBootProject21ApplicationTests does not declare any static, non-private, non-final, nested classes annotated with @Configuration.
14:37:39.570 [main] INFO org.springframework.boot.test.context.SpringBootTestContextBootstrapper -- Found @SpringBootConfiguration com.cg.DemoBootProject21Application for test class com.cg.DemoBootProject21ApplicationTests

  .   ____          _            __ _ _
 /\\ / ___'_ __ _ _(_)_ __  __ _ \ \ \ \
( ( )\___ | '_ | '_| | '_ \/ _` | \ \ \ \
 \\/  ___)| |_)| | | | | || (_| |  ) ) ) )
  '  |____| .__|_| |_|_| |_\__, | / / / /
 =========|_|==============|___/=/_/_/_/
 :: Spring Boot ::                (v3.1.3)

2023-09-22T14:37:40.252+05:30  INFO 18580 --- [           main] c.cg.DemoBootProject21ApplicationTests   : Starting DemoBootProject21ApplicationTests using Java 17.0.7 with PID 18580 (started by yumore in C:\Users\YUMORE\SpringBootAndRest1\DemoBootProject2-1)
2023-09-22T14:37:40.254+05:30  INFO 18580 --- [           main] c.cg.DemoBootProject21ApplicationTests   : No active profile set, falling back to 1 default profile: "default"
2023-09-22T14:37:41.508+05:30  INFO 18580 --- [           main] c.cg.DemoBootProject21ApplicationTests   : Started DemoBootProject21ApplicationTests in 1.672 seconds (process running for 3.21)
]]></system-out>
  </testcase>
</testsuite>